<?xml version="1.0" encoding="UTF-8"?>
<!-- Generated by org.testng.reporters.JUnitXMLReporter -->
<testsuite ignored="0" hostname="DESKTOP-3QFF56L" failures="1" tests="1" name="Test" time="12.232" errors="0" timestamp="2023-07-25T17:45:02 IST">
  <testcase classname="Com.MyStore.TestCases.TC_LoginTest_001" name="logintest" time="2.028">
    <failure type="java.lang.AssertionError" message="expected [true] but found [false]">
      <![CDATA[java.lang.AssertionError: expected [true] but found [false]
at Com.MyStore.TestCases.TC_LoginTest_001.logintest(TC_LoginTest_001.java:30)
at java.base/java.util.ArrayList.forEach(ArrayList.java:1511)
... Removed 31 stack frames]]>
    </failure>
  </testcase> <!-- logintest -->
</testsuite> <!-- Test -->
